2021-09-04T16:16:04.488360+09:00 0 [System] [MY-013169] [Server] /usr/sbin/mysqld (mysqld 8.0.26) initializing of server in progress as process 43
2021-09-04T16:16:04.513078+09:00 1 [System] [MY-013576] [InnoDB] InnoDB initialization has started.
2021-09-04T16:16:05.521556+09:00 1 [System] [MY-013577] [InnoDB] InnoDB initialization has ended.
2021-09-04T16:16:07.096753+09:00 0 [Warning] [MY-013746] [Server] A deprecated TLS version TLSv1 is enabled for channel mysql_main
2021-09-04T16:16:07.097325+09:00 0 [Warning] [MY-013746] [Server] A deprecated TLS version TLSv1.1 is enabled for channel mysql_main
2021-09-04T16:16:07.222106+09:00 6 [Warning] [MY-010453] [Server] root@localhost is created with an empty password ! Please consider switching off the --initialize-insecure option.
2021-09-04T16:16:12.150331+09:00 0 [System] [MY-010116] [Server] /usr/sbin/mysqld (mysqld 8.0.26) starting as process 114
2021-09-04T16:16:12.189272+09:00 1 [System] [MY-013576] [InnoDB] InnoDB initialization has started.
2021-09-04T16:16:12.392293+09:00 1 [System] [MY-013577] [InnoDB] InnoDB initialization has ended.
2021-09-04T16:16:12.711893+09:00 0 [Warning] [MY-013746] [Server] A deprecated TLS version TLSv1 is enabled for channel mysql_main
2021-09-04T16:16:12.712028+09:00 0 [Warning] [MY-013746] [Server] A deprecated TLS version TLSv1.1 is enabled for channel mysql_main
2021-09-04T16:16:12.717695+09:00 0 [Warning] [MY-010068] [Server] CA certificate ca.pem is self signed.
2021-09-04T16:16:12.717932+09:00 0 [System] [MY-013602] [Server] Channel mysql_main configured to support TLS. Encrypted connections are now supported for this channel.
2021-09-04T16:16:12.720973+09:00 0 [Warning] [MY-011810] [Server] Insecure configuration for --pid-file: Location '/var/run/mysqld' in the path is accessible to all OS users. Consider choosing a different directory.
2021-09-04T16:16:12.745168+09:00 0 [System] [MY-011323] [Server] X Plugin ready for connections. Socket: /var/run/mysqld/mysqlx.sock
2021-09-04T16:16:12.745237+09:00 0 [System] [MY-010931] [Server] /usr/sbin/mysqld: ready for connections. Version: '8.0.26'  socket: '/var/run/mysqld/mysqld.sock'  port: 0  MySQL Community Server - GPL.
2021-09-04T16:16:15.611266+09:00 14 [System] [MY-013172] [Server] Received SHUTDOWN from user root. Shutting down mysqld (Version: 8.0.26).
2021-09-04T16:16:17.316764+09:00 0 [System] [MY-010910] [Server] /usr/sbin/mysqld: Shutdown complete (mysqld 8.0.26)  MySQL Community Server - GPL.
2021-09-04T16:16:17.877634+09:00 0 [System] [MY-010116] [Server] /usr/sbin/mysqld (mysqld 8.0.26) starting as process 1
2021-09-04T16:16:17.917983+09:00 1 [System] [MY-013576] [InnoDB] InnoDB initialization has started.
2021-09-04T16:16:18.266172+09:00 1 [System] [MY-013577] [InnoDB] InnoDB initialization has ended.
2021-09-04T16:16:18.415380+09:00 0 [Warning] [MY-013746] [Server] A deprecated TLS version TLSv1 is enabled for channel mysql_main
2021-09-04T16:16:18.415519+09:00 0 [Warning] [MY-013746] [Server] A deprecated TLS version TLSv1.1 is enabled for channel mysql_main
2021-09-04T16:16:18.417027+09:00 0 [Warning] [MY-010068] [Server] CA certificate ca.pem is self signed.
2021-09-04T16:16:18.417368+09:00 0 [System] [MY-013602] [Server] Channel mysql_main configured to support TLS. Encrypted connections are now supported for this channel.
2021-09-04T16:16:18.420834+09:00 0 [Warning] [MY-011810] [Server] Insecure configuration for --pid-file: Location '/var/run/mysqld' in the path is accessible to all OS users. Consider choosing a different directory.
2021-09-04T16:16:18.440910+09:00 0 [System] [MY-011323] [Server] X Plugin ready for connections. Bind-address: '::' port: 33060, socket: /var/run/mysqld/mysqlx.sock
2021-09-04T16:16:18.440968+09:00 0 [System] [MY-010931] [Server] /usr/sbin/mysqld: ready for connections. Version: '8.0.26'  socket: '/var/run/mysqld/mysqld.sock'  port: 3306  MySQL Community Server - GPL.
2021-09-04T16:58:53.339088+09:00 0 [System] [MY-013172] [Server] Received SHUTDOWN from user <via user signal>. Shutting down mysqld (Version: 8.0.26).
2021-09-04T16:58:54.487063+09:00 0 [System] [MY-010910] [Server] /usr/sbin/mysqld: Shutdown complete (mysqld 8.0.26)  MySQL Community Server - GPL.
2021-09-06T08:30:31.584699+09:00 0 [System] [MY-010116] [Server] /usr/sbin/mysqld (mysqld 8.0.26) starting as process 1
2021-09-06T08:30:31.637904+09:00 1 [System] [MY-013576] [InnoDB] InnoDB initialization has started.
2021-09-06T08:30:32.083917+09:00 1 [System] [MY-013577] [InnoDB] InnoDB initialization has ended.
2021-09-06T08:30:32.392833+09:00 0 [Warning] [MY-013746] [Server] A deprecated TLS version TLSv1 is enabled for channel mysql_main
2021-09-06T08:30:32.393159+09:00 0 [Warning] [MY-013746] [Server] A deprecated TLS version TLSv1.1 is enabled for channel mysql_main
2021-09-06T08:30:32.401357+09:00 0 [Warning] [MY-010068] [Server] CA certificate ca.pem is self signed.
2021-09-06T08:30:32.401585+09:00 0 [System] [MY-013602] [Server] Channel mysql_main configured to support TLS. Encrypted connections are now supported for this channel.
2021-09-06T08:30:32.405713+09:00 0 [Warning] [MY-011810] [Server] Insecure configuration for --pid-file: Location '/var/run/mysqld' in the path is accessible to all OS users. Consider choosing a different directory.
2021-09-06T08:30:32.465050+09:00 0 [System] [MY-011323] [Server] X Plugin ready for connections. Bind-address: '::' port: 33060, socket: /var/run/mysqld/mysqlx.sock
2021-09-06T08:30:32.465105+09:00 0 [System] [MY-010931] [Server] /usr/sbin/mysqld: ready for connections. Version: '8.0.26'  socket: '/var/run/mysqld/mysqld.sock'  port: 3306  MySQL Community Server - GPL.
2021-09-06T18:48:36.711277+09:00 0 [System] [MY-013172] [Server] Received SHUTDOWN from user <via user signal>. Shutting down mysqld (Version: 8.0.26).
2021-09-06T18:48:38.506552+09:00 0 [ERROR] [MY-011945] [InnoDB] Cannot delete '/var/lib/mysql/ib_buffer_pool': Operation not permitted
2021-09-06T18:48:39.326078+09:00 0 [Warning] [MY-012573] [InnoDB] './#innodb_temp/temp_1.ibt' permission error, can't delete!
2021-09-06T18:48:39.327396+09:00 0 [Warning] [MY-012573] [InnoDB] './#innodb_temp/temp_2.ibt' permission error, can't delete!
2021-09-06T18:48:39.327415+09:00 0 [Warning] [MY-012573] [InnoDB] './#innodb_temp/temp_3.ibt' permission error, can't delete!
2021-09-06T18:48:39.327427+09:00 0 [Warning] [MY-012573] [InnoDB] './#innodb_temp/temp_4.ibt' permission error, can't delete!
2021-09-06T18:48:39.327435+09:00 0 [Warning] [MY-012573] [InnoDB] './#innodb_temp/temp_5.ibt' permission error, can't delete!
2021-09-06T18:48:39.327442+09:00 0 [Warning] [MY-012573] [InnoDB] './#innodb_temp/temp_6.ibt' permission error, can't delete!
2021-09-06T18:48:39.327450+09:00 0 [Warning] [MY-012573] [InnoDB] './#innodb_temp/temp_7.ibt' permission error, can't delete!
2021-09-06T18:48:39.327457+09:00 0 [Warning] [MY-012573] [InnoDB] './#innodb_temp/temp_8.ibt' permission error, can't delete!
2021-09-06T18:48:39.327465+09:00 0 [Warning] [MY-012573] [InnoDB] './#innodb_temp/temp_9.ibt' permission error, can't delete!
2021-09-06T18:48:39.327472+09:00 0 [Warning] [MY-012573] [InnoDB] './#innodb_temp/temp_10.ibt' permission error, can't delete!
2021-09-06T18:48:40.777539+09:00 0 [ERROR] [MY-012592] [InnoDB] Operating system error number 1 in a file operation.
2021-09-06T18:48:40.777589+09:00 0 [ERROR] [MY-012596] [InnoDB] Error number 1 means 'Operation not permitted'
2021-09-06T18:48:40.777601+09:00 0 [ERROR] [MY-012646] [InnoDB] File ./ibtmp1: 'delete' returned OS error 101.
2021-09-06T18:48:40.864983+09:00 0 [System] [MY-010910] [Server] /usr/sbin/mysqld: Shutdown complete (mysqld 8.0.26)  MySQL Community Server - GPL.
2021-09-06T19:40:52.282839+09:00 0 [System] [MY-010116] [Server] /usr/sbin/mysqld (mysqld 8.0.26) starting as process 1
2021-09-06T19:40:52.774116+09:00 1 [System] [MY-013576] [InnoDB] InnoDB initialization has started.
2021-09-06T19:40:54.397931+09:00 1 [System] [MY-013577] [InnoDB] InnoDB initialization has ended.
2021-09-06T19:40:54.872122+09:00 0 [Warning] [MY-013746] [Server] A deprecated TLS version TLSv1 is enabled for channel mysql_main
2021-09-06T19:40:54.872263+09:00 0 [Warning] [MY-013746] [Server] A deprecated TLS version TLSv1.1 is enabled for channel mysql_main
2021-09-06T19:40:54.886460+09:00 0 [Warning] [MY-010068] [Server] CA certificate ca.pem is self signed.
2021-09-06T19:40:54.886741+09:00 0 [System] [MY-013602] [Server] Channel mysql_main configured to support TLS. Encrypted connections are now supported for this channel.
2021-09-06T19:40:54.891921+09:00 0 [Warning] [MY-011810] [Server] Insecure configuration for --pid-file: Location '/var/run/mysqld' in the path is accessible to all OS users. Consider choosing a different directory.
2021-09-06T19:40:54.953791+09:00 0 [System] [MY-011323] [Server] X Plugin ready for connections. Bind-address: '::' port: 33060, socket: /var/run/mysqld/mysqlx.sock
2021-09-06T19:40:54.953882+09:00 0 [System] [MY-010931] [Server] /usr/sbin/mysqld: ready for connections. Version: '8.0.26'  socket: '/var/run/mysqld/mysqld.sock'  port: 3306  MySQL Community Server - GPL.
2021-09-06T23:52:28.647509+09:00 0 [System] [MY-013172] [Server] Received SHUTDOWN from user <via user signal>. Shutting down mysqld (Version: 8.0.26).
2021-09-06T23:52:29.606572+09:00 0 [ERROR] [MY-011945] [InnoDB] Cannot open '/var/lib/mysql/ib_buffer_pool.incomplete' for writing: Permission denied
2021-09-06T23:52:30.222130+09:00 0 [Warning] [MY-012573] [InnoDB] './#innodb_temp/temp_1.ibt' permission error, can't delete!
2021-09-06T23:52:30.222290+09:00 0 [Warning] [MY-012573] [InnoDB] './#innodb_temp/temp_2.ibt' permission error, can't delete!
2021-09-06T23:52:30.222306+09:00 0 [Warning] [MY-012573] [InnoDB] './#innodb_temp/temp_3.ibt' permission error, can't delete!
2021-09-06T23:52:30.222483+09:00 0 [Warning] [MY-012573] [InnoDB] './#innodb_temp/temp_4.ibt' permission error, can't delete!
2021-09-06T23:52:30.222515+09:00 0 [Warning] [MY-012573] [InnoDB] './#innodb_temp/temp_5.ibt' permission error, can't delete!
2021-09-06T23:52:30.222524+09:00 0 [Warning] [MY-012573] [InnoDB] './#innodb_temp/temp_6.ibt' permission error, can't delete!
2021-09-06T23:52:30.222532+09:00 0 [Warning] [MY-012573] [InnoDB] './#innodb_temp/temp_7.ibt' permission error, can't delete!
2021-09-06T23:52:30.222539+09:00 0 [Warning] [MY-012573] [InnoDB] './#innodb_temp/temp_8.ibt' permission error, can't delete!
2021-09-06T23:52:30.222547+09:00 0 [Warning] [MY-012573] [InnoDB] './#innodb_temp/temp_9.ibt' permission error, can't delete!
2021-09-06T23:52:30.222555+09:00 0 [Warning] [MY-012573] [InnoDB] './#innodb_temp/temp_10.ibt' permission error, can't delete!
2021-09-06T23:52:31.170035+09:00 0 [ERROR] [MY-012592] [InnoDB] Operating system error number 1 in a file operation.
2021-09-06T23:52:31.170081+09:00 0 [ERROR] [MY-012596] [InnoDB] Error number 1 means 'Operation not permitted'
2021-09-06T23:52:31.170093+09:00 0 [ERROR] [MY-012646] [InnoDB] File ./ibtmp1: 'delete' returned OS error 101.
2021-09-06T23:52:31.214579+09:00 0 [System] [MY-010910] [Server] /usr/sbin/mysqld: Shutdown complete (mysqld 8.0.26)  MySQL Community Server - GPL.
2021-09-07T07:36:25.207096+09:00 0 [System] [MY-010116] [Server] /usr/sbin/mysqld (mysqld 8.0.26) starting as process 1
2021-09-07T07:36:25.422951+09:00 1 [System] [MY-013576] [InnoDB] InnoDB initialization has started.
2021-09-07T07:36:26.509318+09:00 1 [System] [MY-013577] [InnoDB] InnoDB initialization has ended.
2021-09-07T07:36:27.517943+09:00 0 [Warning] [MY-013746] [Server] A deprecated TLS version TLSv1 is enabled for channel mysql_main
2021-09-07T07:36:27.518963+09:00 0 [Warning] [MY-013746] [Server] A deprecated TLS version TLSv1.1 is enabled for channel mysql_main
2021-09-07T07:36:27.540318+09:00 0 [Warning] [MY-010068] [Server] CA certificate ca.pem is self signed.
2021-09-07T07:36:27.540658+09:00 0 [System] [MY-013602] [Server] Channel mysql_main configured to support TLS. Encrypted connections are now supported for this channel.
2021-09-07T07:36:27.549180+09:00 0 [Warning] [MY-011810] [Server] Insecure configuration for --pid-file: Location '/var/run/mysqld' in the path is accessible to all OS users. Consider choosing a different directory.
2021-09-07T07:36:27.966340+09:00 0 [System] [MY-011323] [Server] X Plugin ready for connections. Bind-address: '::' port: 33060, socket: /var/run/mysqld/mysqlx.sock
2021-09-07T07:36:27.966397+09:00 0 [System] [MY-010931] [Server] /usr/sbin/mysqld: ready for connections. Version: '8.0.26'  socket: '/var/run/mysqld/mysqld.sock'  port: 3306  MySQL Community Server - GPL.
2021-09-08T08:03:42.513990+09:00 0 [System] [MY-013172] [Server] Received SHUTDOWN from user <via user signal>. Shutting down mysqld (Version: 8.0.26).
2021-09-08T08:03:43.781390+09:00 0 [ERROR] [MY-011945] [InnoDB] Cannot open '/var/lib/mysql/ib_buffer_pool.incomplete' for writing: Permission denied
2021-09-08T08:03:44.689142+09:00 0 [Warning] [MY-012573] [InnoDB] './#innodb_temp/temp_1.ibt' permission error, can't delete!
2021-09-08T08:03:44.691640+09:00 0 [Warning] [MY-012573] [InnoDB] './#innodb_temp/temp_2.ibt' permission error, can't delete!
2021-09-08T08:03:44.691663+09:00 0 [Warning] [MY-012573] [InnoDB] './#innodb_temp/temp_3.ibt' permission error, can't delete!
2021-09-08T08:03:44.691673+09:00 0 [Warning] [MY-012573] [InnoDB] './#innodb_temp/temp_4.ibt' permission error, can't delete!
2021-09-08T08:03:44.691681+09:00 0 [Warning] [MY-012573] [InnoDB] './#innodb_temp/temp_5.ibt' permission error, can't delete!
2021-09-08T08:03:44.691690+09:00 0 [Warning] [MY-012573] [InnoDB] './#innodb_temp/temp_6.ibt' permission error, can't delete!
2021-09-08T08:03:44.691698+09:00 0 [Warning] [MY-012573] [InnoDB] './#innodb_temp/temp_7.ibt' permission error, can't delete!
2021-09-08T08:03:44.691707+09:00 0 [Warning] [MY-012573] [InnoDB] './#innodb_temp/temp_8.ibt' permission error, can't delete!
2021-09-08T08:03:44.691715+09:00 0 [Warning] [MY-012573] [InnoDB] './#innodb_temp/temp_9.ibt' permission error, can't delete!
2021-09-08T08:03:44.691724+09:00 0 [Warning] [MY-012573] [InnoDB] './#innodb_temp/temp_10.ibt' permission error, can't delete!
2021-09-08T08:03:46.011719+09:00 0 [ERROR] [MY-012592] [InnoDB] Operating system error number 1 in a file operation.
2021-09-08T08:03:46.013749+09:00 0 [ERROR] [MY-012596] [InnoDB] Error number 1 means 'Operation not permitted'
2021-09-08T08:03:46.016124+09:00 0 [ERROR] [MY-012646] [InnoDB] File ./ibtmp1: 'delete' returned OS error 101.
2021-09-08T08:03:46.094422+09:00 0 [System] [MY-010910] [Server] /usr/sbin/mysqld: Shutdown complete (mysqld 8.0.26)  MySQL Community Server - GPL.
2021-09-08T10:22:15.974271+09:00 0 [System] [MY-010116] [Server] /usr/sbin/mysqld (mysqld 8.0.26) starting as process 1
2021-09-08T10:22:16.005535+09:00 1 [System] [MY-013576] [InnoDB] InnoDB initialization has started.
2021-09-08T10:22:16.554976+09:00 1 [System] [MY-013577] [InnoDB] InnoDB initialization has ended.
2021-09-08T10:22:16.900290+09:00 0 [Warning] [MY-013746] [Server] A deprecated TLS version TLSv1 is enabled for channel mysql_main
2021-09-08T10:22:16.900414+09:00 0 [Warning] [MY-013746] [Server] A deprecated TLS version TLSv1.1 is enabled for channel mysql_main
2021-09-08T10:22:16.909277+09:00 0 [Warning] [MY-010068] [Server] CA certificate ca.pem is self signed.
2021-09-08T10:22:16.909478+09:00 0 [System] [MY-013602] [Server] Channel mysql_main configured to support TLS. Encrypted connections are now supported for this channel.
2021-09-08T10:22:16.913283+09:00 0 [Warning] [MY-011810] [Server] Insecure configuration for --pid-file: Location '/var/run/mysqld' in the path is accessible to all OS users. Consider choosing a different directory.
2021-09-08T10:22:16.965866+09:00 0 [System] [MY-011323] [Server] X Plugin ready for connections. Bind-address: '::' port: 33060, socket: /var/run/mysqld/mysqlx.sock
2021-09-08T10:22:16.965917+09:00 0 [System] [MY-010931] [Server] /usr/sbin/mysqld: ready for connections. Version: '8.0.26'  socket: '/var/run/mysqld/mysqld.sock'  port: 3306  MySQL Community Server - GPL.
2021-09-08T15:12:20.497832+09:00 0 [System] [MY-013172] [Server] Received SHUTDOWN from user <via user signal>. Shutting down mysqld (Version: 8.0.26).
2021-09-08T15:12:21.561964+09:00 0 [ERROR] [MY-011945] [InnoDB] Cannot open '/var/lib/mysql/ib_buffer_pool.incomplete' for writing: Permission denied
2021-09-08T15:12:22.235567+09:00 0 [Warning] [MY-012573] [InnoDB] './#innodb_temp/temp_1.ibt' permission error, can't delete!
2021-09-08T15:12:22.235646+09:00 0 [Warning] [MY-012573] [InnoDB] './#innodb_temp/temp_2.ibt' permission error, can't delete!
2021-09-08T15:12:22.235655+09:00 0 [Warning] [MY-012573] [InnoDB] './#innodb_temp/temp_3.ibt' permission error, can't delete!
2021-09-08T15:12:22.235662+09:00 0 [Warning] [MY-012573] [InnoDB] './#innodb_temp/temp_4.ibt' permission error, can't delete!
2021-09-08T15:12:22.235669+09:00 0 [Warning] [MY-012573] [InnoDB] './#innodb_temp/temp_5.ibt' permission error, can't delete!
2021-09-08T15:12:22.235676+09:00 0 [Warning] [MY-012573] [InnoDB] './#innodb_temp/temp_6.ibt' permission error, can't delete!
2021-09-08T15:12:22.235683+09:00 0 [Warning] [MY-012573] [InnoDB] './#innodb_temp/temp_7.ibt' permission error, can't delete!
2021-09-08T15:12:22.235690+09:00 0 [Warning] [MY-012573] [InnoDB] './#innodb_temp/temp_8.ibt' permission error, can't delete!
2021-09-08T15:12:22.235703+09:00 0 [Warning] [MY-012573] [InnoDB] './#innodb_temp/temp_9.ibt' permission error, can't delete!
2021-09-08T15:12:22.235710+09:00 0 [Warning] [MY-012573] [InnoDB] './#innodb_temp/temp_10.ibt' permission error, can't delete!
2021-09-08T15:12:24.072162+09:00 0 [ERROR] [MY-012592] [InnoDB] Operating system error number 1 in a file operation.
2021-09-08T15:12:24.072219+09:00 0 [ERROR] [MY-012596] [InnoDB] Error number 1 means 'Operation not permitted'
2021-09-08T15:12:24.072356+09:00 0 [ERROR] [MY-012646] [InnoDB] File ./ibtmp1: 'delete' returned OS error 101.
2021-09-08T15:12:24.122037+09:00 0 [System] [MY-010910] [Server] /usr/sbin/mysqld: Shutdown complete (mysqld 8.0.26)  MySQL Community Server - GPL.
2021-09-08T17:52:31.996597+09:00 0 [System] [MY-010116] [Server] /usr/sbin/mysqld (mysqld 8.0.26) starting as process 1
2021-09-08T17:52:32.038872+09:00 1 [System] [MY-013576] [InnoDB] InnoDB initialization has started.
2021-09-08T17:52:32.452089+09:00 1 [System] [MY-013577] [InnoDB] InnoDB initialization has ended.
2021-09-08T17:52:32.730692+09:00 0 [Warning] [MY-013746] [Server] A deprecated TLS version TLSv1 is enabled for channel mysql_main
2021-09-08T17:52:32.730893+09:00 0 [Warning] [MY-013746] [Server] A deprecated TLS version TLSv1.1 is enabled for channel mysql_main
2021-09-08T17:52:32.738076+09:00 0 [Warning] [MY-010068] [Server] CA certificate ca.pem is self signed.
2021-09-08T17:52:32.738301+09:00 0 [System] [MY-013602] [Server] Channel mysql_main configured to support TLS. Encrypted connections are now supported for this channel.
2021-09-08T17:52:32.742244+09:00 0 [Warning] [MY-011810] [Server] Insecure configuration for --pid-file: Location '/var/run/mysqld' in the path is accessible to all OS users. Consider choosing a different directory.
2021-09-08T17:52:32.794262+09:00 0 [System] [MY-011323] [Server] X Plugin ready for connections. Bind-address: '::' port: 33060, socket: /var/run/mysqld/mysqlx.sock
2021-09-08T17:52:32.794292+09:00 0 [System] [MY-010931] [Server] /usr/sbin/mysqld: ready for connections. Version: '8.0.26'  socket: '/var/run/mysqld/mysqld.sock'  port: 3306  MySQL Community Server - GPL.
2021-09-08T23:52:05.141819+09:00 0 [System] [MY-013172] [Server] Received SHUTDOWN from user <via user signal>. Shutting down mysqld (Version: 8.0.26).
2021-09-08T23:52:07.545563+09:00 0 [System] [MY-010910] [Server] /usr/sbin/mysqld: Shutdown complete (mysqld 8.0.26)  MySQL Community Server - GPL.
2021-09-09T11:02:55.046852+09:00 0 [System] [MY-010116] [Server] /usr/sbin/mysqld (mysqld 8.0.26) starting as process 1
2021-09-09T11:02:55.220573+09:00 1 [System] [MY-013576] [InnoDB] InnoDB initialization has started.
2021-09-09T11:02:55.966781+09:00 1 [System] [MY-013577] [InnoDB] InnoDB initialization has ended.
2021-09-09T11:02:56.500172+09:00 0 [Warning] [MY-013746] [Server] A deprecated TLS version TLSv1 is enabled for channel mysql_main
2021-09-09T11:02:56.500324+09:00 0 [Warning] [MY-013746] [Server] A deprecated TLS version TLSv1.1 is enabled for channel mysql_main
2021-09-09T11:02:56.516978+09:00 0 [Warning] [MY-010068] [Server] CA certificate ca.pem is self signed.
2021-09-09T11:02:56.517238+09:00 0 [System] [MY-013602] [Server] Channel mysql_main configured to support TLS. Encrypted connections are now supported for this channel.
2021-09-09T11:02:56.524900+09:00 0 [Warning] [MY-011810] [Server] Insecure configuration for --pid-file: Location '/var/run/mysqld' in the path is accessible to all OS users. Consider choosing a different directory.
2021-09-09T11:02:56.606838+09:00 0 [System] [MY-011323] [Server] X Plugin ready for connections. Bind-address: '::' port: 33060, socket: /var/run/mysqld/mysqlx.sock
2021-09-09T11:02:56.606905+09:00 0 [System] [MY-010931] [Server] /usr/sbin/mysqld: ready for connections. Version: '8.0.26'  socket: '/var/run/mysqld/mysqld.sock'  port: 3306  MySQL Community Server - GPL.
2021-09-09T15:13:17.107133+09:00 0 [System] [MY-013172] [Server] Received SHUTDOWN from user <via user signal>. Shutting down mysqld (Version: 8.0.26).
2021-09-09T15:13:18.472332+09:00 0 [ERROR] [MY-011945] [InnoDB] Cannot delete '/var/lib/mysql/ib_buffer_pool': Operation not permitted
2021-09-09T15:13:19.329984+09:00 0 [Warning] [MY-012573] [InnoDB] './#innodb_temp/temp_1.ibt' permission error, can't delete!
2021-09-09T15:13:19.330068+09:00 0 [Warning] [MY-012573] [InnoDB] './#innodb_temp/temp_2.ibt' permission error, can't delete!
2021-09-09T15:13:19.330078+09:00 0 [Warning] [MY-012573] [InnoDB] './#innodb_temp/temp_3.ibt' permission error, can't delete!
2021-09-09T15:13:19.330085+09:00 0 [Warning] [MY-012573] [InnoDB] './#innodb_temp/temp_4.ibt' permission error, can't delete!
2021-09-09T15:13:19.330092+09:00 0 [Warning] [MY-012573] [InnoDB] './#innodb_temp/temp_5.ibt' permission error, can't delete!
2021-09-09T15:13:19.330099+09:00 0 [Warning] [MY-012573] [InnoDB] './#innodb_temp/temp_6.ibt' permission error, can't delete!
2021-09-09T15:13:19.330106+09:00 0 [Warning] [MY-012573] [InnoDB] './#innodb_temp/temp_7.ibt' permission error, can't delete!
2021-09-09T15:13:19.330114+09:00 0 [Warning] [MY-012573] [InnoDB] './#innodb_temp/temp_8.ibt' permission error, can't delete!
2021-09-09T15:13:19.330121+09:00 0 [Warning] [MY-012573] [InnoDB] './#innodb_temp/temp_9.ibt' permission error, can't delete!
2021-09-09T15:13:19.330128+09:00 0 [Warning] [MY-012573] [InnoDB] './#innodb_temp/temp_10.ibt' permission error, can't delete!
2021-09-09T15:13:21.115175+09:00 0 [ERROR] [MY-012592] [InnoDB] Operating system error number 1 in a file operation.
2021-09-09T15:13:21.115233+09:00 0 [ERROR] [MY-012596] [InnoDB] Error number 1 means 'Operation not permitted'
2021-09-09T15:13:21.115250+09:00 0 [ERROR] [MY-012646] [InnoDB] File ./ibtmp1: 'delete' returned OS error 101.
2021-09-09T15:13:21.167104+09:00 0 [System] [MY-010910] [Server] /usr/sbin/mysqld: Shutdown complete (mysqld 8.0.26)  MySQL Community Server - GPL.
2021-09-10T11:27:43.133530+09:00 0 [System] [MY-010116] [Server] /usr/sbin/mysqld (mysqld 8.0.26) starting as process 1
2021-09-10T11:27:43.180119+09:00 1 [System] [MY-013576] [InnoDB] InnoDB initialization has started.
2021-09-10T11:27:43.465005+09:00 1 [System] [MY-013577] [InnoDB] InnoDB initialization has ended.
2021-09-10T11:27:43.706298+09:00 0 [Warning] [MY-013746] [Server] A deprecated TLS version TLSv1 is enabled for channel mysql_main
2021-09-10T11:27:43.706424+09:00 0 [Warning] [MY-013746] [Server] A deprecated TLS version TLSv1.1 is enabled for channel mysql_main
2021-09-10T11:27:43.713525+09:00 0 [Warning] [MY-010068] [Server] CA certificate ca.pem is self signed.
2021-09-10T11:27:43.713720+09:00 0 [System] [MY-013602] [Server] Channel mysql_main configured to support TLS. Encrypted connections are now supported for this channel.
2021-09-10T11:27:43.716096+09:00 0 [Warning] [MY-011810] [Server] Insecure configuration for --pid-file: Location '/var/run/mysqld' in the path is accessible to all OS users. Consider choosing a different directory.
2021-09-10T11:27:43.737438+09:00 0 [System] [MY-010931] [Server] /usr/sbin/mysqld: ready for connections. Version: '8.0.26'  socket: '/var/run/mysqld/mysqld.sock'  port: 3306  MySQL Community Server - GPL.
2021-09-10T11:27:43.737629+09:00 0 [System] [MY-011323] [Server] X Plugin ready for connections. Bind-address: '::' port: 33060, socket: /var/run/mysqld/mysqlx.sock
2021-09-10T15:00:03.765377+09:00 0 [System] [MY-013172] [Server] Received SHUTDOWN from user <via user signal>. Shutting down mysqld (Version: 8.0.26).
2021-09-10T15:00:04.504717+09:00 0 [System] [MY-010910] [Server] /usr/sbin/mysqld: Shutdown complete (mysqld 8.0.26)  MySQL Community Server - GPL.
2021-09-10T22:14:58.364895+09:00 0 [System] [MY-010116] [Server] /usr/sbin/mysqld (mysqld 8.0.26) starting as process 1
2021-09-10T22:14:58.391820+09:00 1 [System] [MY-013576] [InnoDB] InnoDB initialization has started.
2021-09-10T22:14:58.828733+09:00 1 [System] [MY-013577] [InnoDB] InnoDB initialization has ended.
2021-09-10T22:14:59.116571+09:00 0 [Warning] [MY-013746] [Server] A deprecated TLS version TLSv1 is enabled for channel mysql_main
2021-09-10T22:14:59.116700+09:00 0 [Warning] [MY-013746] [Server] A deprecated TLS version TLSv1.1 is enabled for channel mysql_main
2021-09-10T22:14:59.123754+09:00 0 [Warning] [MY-010068] [Server] CA certificate ca.pem is self signed.
2021-09-10T22:14:59.123982+09:00 0 [System] [MY-013602] [Server] Channel mysql_main configured to support TLS. Encrypted connections are now supported for this channel.
2021-09-10T22:14:59.128745+09:00 0 [Warning] [MY-011810] [Server] Insecure configuration for --pid-file: Location '/var/run/mysqld' in the path is accessible to all OS users. Consider choosing a different directory.
2021-09-10T22:14:59.192022+09:00 0 [System] [MY-011323] [Server] X Plugin ready for connections. Bind-address: '::' port: 33060, socket: /var/run/mysqld/mysqlx.sock
2021-09-10T22:14:59.192094+09:00 0 [System] [MY-010931] [Server] /usr/sbin/mysqld: ready for connections. Version: '8.0.26'  socket: '/var/run/mysqld/mysqld.sock'  port: 3306  MySQL Community Server - GPL.
2021-09-11T17:48:43.964761+09:00 0 [System] [MY-013172] [Server] Received SHUTDOWN from user <via user signal>. Shutting down mysqld (Version: 8.0.26).
2021-09-11T17:48:45.631016+09:00 0 [System] [MY-010910] [Server] /usr/sbin/mysqld: Shutdown complete (mysqld 8.0.26)  MySQL Community Server - GPL.
2021-09-11T22:25:10.161018+09:00 0 [System] [MY-010116] [Server] /usr/sbin/mysqld (mysqld 8.0.26) starting as process 1
2021-09-11T22:25:10.255852+09:00 1 [System] [MY-013576] [InnoDB] InnoDB initialization has started.
2021-09-11T22:25:10.764423+09:00 1 [System] [MY-013577] [InnoDB] InnoDB initialization has ended.
2021-09-11T22:25:11.112480+09:00 0 [Warning] [MY-013746] [Server] A deprecated TLS version TLSv1 is enabled for channel mysql_main
2021-09-11T22:25:11.112727+09:00 0 [Warning] [MY-013746] [Server] A deprecated TLS version TLSv1.1 is enabled for channel mysql_main
2021-09-11T22:25:11.127735+09:00 0 [Warning] [MY-010068] [Server] CA certificate ca.pem is self signed.
2021-09-11T22:25:11.128123+09:00 0 [System] [MY-013602] [Server] Channel mysql_main configured to support TLS. Encrypted connections are now supported for this channel.
2021-09-11T22:25:11.135298+09:00 0 [Warning] [MY-011810] [Server] Insecure configuration for --pid-file: Location '/var/run/mysqld' in the path is accessible to all OS users. Consider choosing a different directory.
2021-09-11T22:25:11.221039+09:00 0 [System] [MY-011323] [Server] X Plugin ready for connections. Bind-address: '::' port: 33060, socket: /var/run/mysqld/mysqlx.sock
2021-09-11T22:25:11.221226+09:00 0 [System] [MY-010931] [Server] /usr/sbin/mysqld: ready for connections. Version: '8.0.26'  socket: '/var/run/mysqld/mysqld.sock'  port: 3306  MySQL Community Server - GPL.
2021-09-12T01:24:52.766564+09:00 0 [System] [MY-013172] [Server] Received SHUTDOWN from user <via user signal>. Shutting down mysqld (Version: 8.0.26).
2021-09-12T01:24:54.011806+09:00 0 [System] [MY-010910] [Server] /usr/sbin/mysqld: Shutdown complete (mysqld 8.0.26)  MySQL Community Server - GPL.
2021-09-12T09:06:57.200391+09:00 0 [System] [MY-010116] [Server] /usr/sbin/mysqld (mysqld 8.0.26) starting as process 1
2021-09-12T09:06:57.249958+09:00 1 [System] [MY-013576] [InnoDB] InnoDB initialization has started.
2021-09-12T09:06:57.709182+09:00 1 [System] [MY-013577] [InnoDB] InnoDB initialization has ended.
2021-09-12T09:06:58.036158+09:00 0 [Warning] [MY-013746] [Server] A deprecated TLS version TLSv1 is enabled for channel mysql_main
2021-09-12T09:06:58.036435+09:00 0 [Warning] [MY-013746] [Server] A deprecated TLS version TLSv1.1 is enabled for channel mysql_main
2021-09-12T09:06:58.043305+09:00 0 [Warning] [MY-010068] [Server] CA certificate ca.pem is self signed.
2021-09-12T09:06:58.043531+09:00 0 [System] [MY-013602] [Server] Channel mysql_main configured to support TLS. Encrypted connections are now supported for this channel.
2021-09-12T09:06:58.052431+09:00 0 [Warning] [MY-011810] [Server] Insecure configuration for --pid-file: Location '/var/run/mysqld' in the path is accessible to all OS users. Consider choosing a different directory.
2021-09-12T09:06:58.105507+09:00 0 [System] [MY-011323] [Server] X Plugin ready for connections. Bind-address: '::' port: 33060, socket: /var/run/mysqld/mysqlx.sock
2021-09-12T09:06:58.105562+09:00 0 [System] [MY-010931] [Server] /usr/sbin/mysqld: ready for connections. Version: '8.0.26'  socket: '/var/run/mysqld/mysqld.sock'  port: 3306  MySQL Community Server - GPL.
